<?xml version="1.0" encoding="UTF-8"?>
<!-- Generated by org.testng.reporters.JUnitReportReporter -->
<testsuite hostname="DESKTOP-KJD50TP" failures="0" tests="1" name="driverFactory.AppTest" time="89.035" errors="0" timestamp="2024-09-02T14:25:44 IST" skipped="0">
  <testcase classname="driverFactory.AppTest" name="kickStart" time="89.035"/>
</testsuite> <!-- driverFactory.AppTest -->
