<?xml version="1.0" encoding="UTF-8"?>
<!-- Generated by org.testng.reporters.JUnitReportReporter -->
<testsuite hostname="DESKTOP-KJD50TP" failures="0" tests="1" name="driverFactory.DriverScript" time="13.588" errors="0" timestamp="2024-08-30T13:12:53 IST" skipped="0">
  <testcase classname="driverFactory.DriverScript" name="startTest" time="13.588"/>
</testsuite> <!-- driverFactory.DriverScript -->
